EX01_封装Volley和Gson使用/EX01_封装Volley/build/outputs/logs/manifest-merger-debug-report.txt
-- Merging decision tree log ---
manifest
ADDED from AndroidManifest.xml:2:1
	package
		ADDED from AndroidManifest.xml:3:5
	android:versionName
		ADDED from AndroidManifest.xml:5:5
	android:versionCode
		ADDED from AndroidManifest.xml:4:5
		INJECTED from AndroidManifest.xml:0:0
		INJECTED from AndroidManifest.xml:0:0
	xmlns:android
		ADDED from AndroidManifest.xml:2:11
uses-sdk
ADDED from AndroidManifest.xml:7:5
MERGED from MyApp:FastAndroid0405:unspecified:7:5
MERGED from com.android.support:appcompat-v7:22.0.0:20:5
MERGED from com.android.support:support-v4:22.0.0:20:5
MERGED from com.mcxiaoke.volley:android-volley-master:1.0.15:7:5
	android:targetSdkVersion
		ADDED from AndroidManifest.xml:9:9
	android:minSdkVersion
		ADDED from AndroidManifest.xml:8:9
uses-permission#android.permission.INTERNET
ADDED from AndroidManifest.xml:10:5
	android:name
		ADDED from AndroidManifest.xml:10:22
application
ADDED from AndroidManifest.xml:12:5
MERGED from MyApp:FastAndroid0405:unspecified:11:5
MERGED from com.android.support:appcompat-v7:22.0.0:22:5
MERGED from com.android.support:support-v4:22.0.0:22:5
MERGED from com.mcxiaoke.volley:android-volley-master:1.0.15:11:5
	android:label
		ADDED from AndroidManifest.xml:16:9
	android:allowBackup
		ADDED from AndroidManifest.xml:14:9
	android:icon
		ADDED from AndroidManifest.xml:15:9
	android:theme
		ADDED from AndroidManifest.xml:17:9
	android:name
		ADDED from AndroidManifest.xml:13:9
activity#com.yuchen.common.MainActivity
ADDED from AndroidManifest.xml:18:9
	android:label
		ADDED from AndroidManifest.xml:20:13
	android:name
		ADDED from AndroidManifest.xml:19:13
intent-filter#android.intent.action.MAIN+android.intent.category.LAUNCHER
ADDED from AndroidManifest.xml:21:13
action#android.intent.action.MAIN
ADDED from AndroidManifest.xml:22:17
	android:name
		ADDED from AndroidManifest.xml:22:25
category#android.intent.category.LAUNCHER
ADDED from AndroidManifest.xml:24:17
	android:name
		ADDED from AndroidManifest.xml:24:27